Compilación iniciada a las 26/04/2019 08:48:16 a. m..
     1>Proyecto "C:\Users\Hp\OneDrive\Documents\UPSA\Estructura de datos\Ejercicio 3 Examen\COLASS\COLASS.vcxproj" en el nodo 2 (build destinos).
     1>InitializeBuildStatus:
         Se creará "Debug\COLASS.unsuccessfulbuild" porque se especificó "AlwaysCreate".
       GenerateTargetFrameworkMonikerAttribute:
       Se omitirá el destino "GenerateTargetFrameworkMonikerAttribute" porque todos los archivos de salida están actualizados respecto a los archivos de entrada.
       ClCompile:
         Todas las salidas están actualizadas.
         C:\Program Files (x86)\Microsoft Visual Studio 10.0\VC\bin\CL.exe /c /AI"C:\Program Files (x86)\Reference Assemblies\Microsoft\Framework\.NETFramework\v4.0" /Zi /clr:pure /nologo /W3 /WX- /Od /Oy- /D WIN32 /D _DEBUG /D _UNICODE /D UNICODE /EHa /MDd /GS /fp:precise /Zc:wchar_t /Zc:forScope /Yu"StdAfx.h" /Fp"Debug\COLASS.pch" /Fo"Debug\\" /Fd"Debug\vc100.pdb" /TP /FU"C:\Program Files (x86)\Reference Assemblies\Microsoft\Framework\.NETFramework\v4.0\System.Core.dll" /FU"C:\Program Files (x86)\Reference Assemblies\Microsoft\Framework\.NETFramework\v4.0\System.Data.dll" /FU"C:\Program Files (x86)\Reference Assemblies\Microsoft\Framework\.NETFramework\v4.0\System.dll" /FU"C:\Program Files (x86)\Reference Assemblies\Microsoft\Framework\.NETFramework\v4.0\System.Drawing.dll" /FU"C:\Program Files (x86)\Reference Assemblies\Microsoft\Framework\.NETFramework\v4.0\System.Windows.Forms.dll" /FU"C:\Program Files (x86)\Reference Assemblies\Microsoft\Framework\.NETFramework\v4.0\System.Xml.dll" /analyze- /errorReport:prompt COLASS.cpp /clr:nostdlib 
         COLASS.cpp
         Todas las salidas están actualizadas.
       CoreResGen:
         No hay ningún recurso obsoleto con respecto a sus archivos de origen. Se omitirá la generación de recursos.
       ResourceCompile:
         Todas las salidas están actualizadas.
       Link:
         C:\Program Files (x86)\Microsoft Visual Studio 10.0\VC\bin\link.exe /ERRORREPORT:PROMPT /OUT:"C:\Users\Hp\OneDrive\Documents\UPSA\Estructura de datos\Ejercicio 3 Examen\Debug\COLASS.exe" /INCREMENTAL /NOLOGO /ASSEMBLYRESOURCE:Debug\COLASS.Form1.resources /MANIFEST /ManifestFile:"Debug\COLASS.exe.intermediate.manifest" /MANIFESTUAC:"level='asInvoker' uiAccess='false'" /DEBUG /PDB:"C:\Users\Hp\OneDrive\Documents\UPSA\Estructura de datos\Ejercicio 3 Examen\Debug\COLASS.pdb" /ASSEMBLYDEBUG /SUBSYSTEM:WINDOWS /TLBID:1 /ENTRY:"main" /DYNAMICBASE /FIXED:NO /NXCOMPAT /MACHINE:X86 Debug\app.res
         Debug\AssemblyInfo.obj
         Debug\COLASS.obj
         Debug\stdafx.obj
         "Debug\.NETFramework,Version=v4.0.AssemblyAttributes.obj"
         COLASS.vcxproj -> C:\Users\Hp\OneDrive\Documents\UPSA\Estructura de datos\Ejercicio 3 Examen\Debug\COLASS.exe
       Manifest:
         C:\Program Files (x86)\Microsoft SDKs\Windows\v7.0A\bin\mt.exe /nologo /verbose /outputresource:"C:\Users\Hp\OneDrive\Documents\UPSA\Estructura de datos\Ejercicio 3 Examen\Debug\COLASS.exe;#1" /manifest Debug\COLASS.exe.intermediate.manifest
       FinalizeBuildStatus:
         Se eliminará el archivo "Debug\COLASS.unsuccessfulbuild".
         Aplicando tarea Touch a "Debug\COLASS.lastbuildstate".
     1>Compilación del proyecto terminada "C:\Users\Hp\OneDrive\Documents\UPSA\Estructura de datos\Ejercicio 3 Examen\COLASS\COLASS.vcxproj" (build destinos).

Compilación correcta.

Tiempo transcurrido 00:00:01.80
