Compilación iniciada a las 07/05/2019 10:10:40 a. m..
     1>Proyecto "C:\Users\Hp\OneDrive\Documents\UPSA\Estructura de datos\Apuntes\5 3 2019 Listas encadenadas\5 3 2019 Listas encadenadas\5 3 2019 Listas encadenadas.vcxproj" en el nodo 2 (build destinos).
     1>InitializeBuildStatus:
         Aplicando tarea Touch a "Debug\5 3 2019 Listas encadenadas.unsuccessfulbuild".
       GenerateTargetFrameworkMonikerAttribute:
       Se omitirá el destino "GenerateTargetFrameworkMonikerAttribute" porque todos los archivos de salida están actualizados respecto a los archivos de entrada.
       ClCompile:
         Todas las salidas están actualizadas.
         C:\Program Files (x86)\Microsoft Visual Studio 10.0\VC\bin\CL.exe /c /AI"C:\Program Files (x86)\Reference Assemblies\Microsoft\Framework\.NETFramework\v4.0" /Zi /clr:pure /nologo /W3 /WX- /Od /Oy- /D WIN32 /D _DEBUG /D _UNICODE /D UNICODE /EHa /MDd /GS /fp:precise /Zc:wchar_t /Zc:forScope /Yu"StdAfx.h" /Fp"Debug\5 3 2019 Listas encadenadas.pch" /Fo"Debug\\" /Fd"Debug\vc100.pdb" /TP /FU"C:\Program Files (x86)\Reference Assemblies\Microsoft\Framework\.NETFramework\v4.0\System.Core.dll" /FU"C:\Program Files (x86)\Reference Assemblies\Microsoft\Framework\.NETFramework\v4.0\System.Data.dll" /FU"C:\Program Files (x86)\Reference Assemblies\Microsoft\Framework\.NETFramework\v4.0\System.dll" /FU"C:\Program Files (x86)\Reference Assemblies\Microsoft\Framework\.NETFramework\v4.0\System.Drawing.dll" /FU"C:\Program Files (x86)\Reference Assemblies\Microsoft\Framework\.NETFramework\v4.0\System.Windows.Forms.dll" /FU"C:\Program Files (x86)\Reference Assemblies\Microsoft\Framework\.NETFramework\v4.0\System.Xml.dll" /analyze- /errorReport:prompt Lista.cpp Nodo.cpp /clr:nostdlib 
         Lista.cpp
         Nodo.cpp
         Generando código...
         C:\Program Files (x86)\Microsoft Visual Studio 10.0\VC\bin\CL.exe /c /Zi /clr:pure /nologo /W3 /WX- /Od /Oy- /D WIN32 /D _DEBUG /D _UNICODE /D UNICODE /EHa /MDd /GS /fp:precise /Zc:wchar_t /Zc:forScope /Fo"Debug\\" /Fd"Debug\vc100.pdb" /TP /analyze- /errorReport:prompt "C:\Users\Hp\AppData\Local\Temp\.NETFramework,Version=v4.0.AssemblyAttributes.cpp"
         .NETFramework,Version=v4.0.AssemblyAttributes.cpp
       CoreResGen:
         "C:\Program Files (x86)\Microsoft SDKs\Windows\v7.0A\bin\NETFX 4.0 Tools\resgen.exe" /useSourcePath /r:"C:\Program Files (x86)\Reference Assemblies\Microsoft\Framework\.NETFramework\v4.0\System.Core.dll" /r:"C:\Program Files (x86)\Reference Assemblies\Microsoft\Framework\.NETFramework\v4.0\System.Data.dll" /r:"C:\Program Files (x86)\Reference Assemblies\Microsoft\Framework\.NETFramework\v4.0\System.dll" /r:"C:\Program Files (x86)\Reference Assemblies\Microsoft\Framework\.NETFramework\v4.0\System.Drawing.dll" /r:"C:\Program Files (x86)\Reference Assemblies\Microsoft\Framework\.NETFramework\v4.0\System.Windows.Forms.dll" /r:"C:\Program Files (x86)\Reference Assemblies\Microsoft\Framework\.NETFramework\v4.0\System.Xml.dll" /compile Form1.resX,Debug\My532019Listasencadenadas.Form1.resources
         Procesando archivo de recursos "Form1.resX" en "Debug\My532019Listasencadenadas.Form1.resources".
       ResourceCompile:
         C:\Program Files (x86)\Microsoft SDKs\Windows\v7.0A\bin\rc.exe /D _UNICODE /D UNICODE /l"0x0409" /nologo /fo"Debug\app.res" app.rc 
       Link:
         C:\Program Files (x86)\Microsoft Visual Studio 10.0\VC\bin\link.exe /ERRORREPORT:PROMPT /OUT:"C:\Users\Hp\OneDrive\Documents\UPSA\Estructura de datos\Apuntes\5 3 2019 Listas encadenadas\Debug\5 3 2019 Listas encadenadas.exe" /INCREMENTAL /NOLOGO /ASSEMBLYRESOURCE:Debug\My532019Listasencadenadas.Form1.resources /MANIFEST /ManifestFile:"Debug\5 3 2019 Listas encadenadas.exe.intermediate.manifest" /MANIFESTUAC:"level='asInvoker' uiAccess='false'" /DEBUG /PDB:"C:\Users\Hp\OneDrive\Documents\UPSA\Estructura de datos\Apuntes\5 3 2019 Listas encadenadas\Debug\5 3 2019 Listas encadenadas.pdb" /ASSEMBLYDEBUG /SUBSYSTEM:WINDOWS /TLBID:1 /ENTRY:"main" /DYNAMICBASE /FIXED:NO /NXCOMPAT /MACHINE:X86 Debug\app.res
         "Debug\5 3 2019 Listas encadenadas.obj"
         Debug\AssemblyInfo.obj
         Debug\Cadena.obj
         Debug\Lista.obj
         Debug\Nodo.obj
         Debug\stdafx.obj
         "Debug\.NETFramework,Version=v4.0.AssemblyAttributes.obj"
         5 3 2019 Listas encadenadas.vcxproj -> C:\Users\Hp\OneDrive\Documents\UPSA\Estructura de datos\Apuntes\5 3 2019 Listas encadenadas\Debug\5 3 2019 Listas encadenadas.exe
       Manifest:
         C:\Program Files (x86)\Microsoft SDKs\Windows\v7.0A\bin\mt.exe /nologo /verbose /outputresource:"C:\Users\Hp\OneDrive\Documents\UPSA\Estructura de datos\Apuntes\5 3 2019 Listas encadenadas\Debug\5 3 2019 Listas encadenadas.exe;#1" /manifest "Debug\5 3 2019 Listas encadenadas.exe.intermediate.manifest"
       FinalizeBuildStatus:
         Se eliminará el archivo "Debug\5 3 2019 Listas encadenadas.unsuccessfulbuild".
         Aplicando tarea Touch a "Debug\5 3 2019 Listas encadenadas.lastbuildstate".
     1>Compilación del proyecto terminada "C:\Users\Hp\OneDrive\Documents\UPSA\Estructura de datos\Apuntes\5 3 2019 Listas encadenadas\5 3 2019 Listas encadenadas\5 3 2019 Listas encadenadas.vcxproj" (build destinos).

Compilación correcta.

Tiempo transcurrido 00:00:03.78
