Compilación iniciada a las 26/04/2019 08:32:38 a. m..
     1>Proyecto "C:\Users\Hp\OneDrive\Documents\UPSA\Estructura de datos\Ejercicio 1 Examen\matrices visual\matrices visual.vcxproj" en el nodo 2 (build destinos).
     1>InitializeBuildStatus:
         Se creará "Debug\matrices visual.unsuccessfulbuild" porque se especificó "AlwaysCreate".
       GenerateTargetFrameworkMonikerAttribute:
       Se omitirá el destino "GenerateTargetFrameworkMonikerAttribute" porque todos los archivos de salida están actualizados respecto a los archivos de entrada.
       ClCompile:
         Todas las salidas están actualizadas.
         Todas las salidas están actualizadas.
         Todas las salidas están actualizadas.
       CoreResGen:
         No hay ningún recurso obsoleto con respecto a sus archivos de origen. Se omitirá la generación de recursos.
       ResourceCompile:
         Todas las salidas están actualizadas.
       Link:
         Todas las salidas están actualizadas.
         matrices visual.vcxproj -> C:\Users\Hp\OneDrive\Documents\UPSA\Estructura de datos\Ejercicio 1 Examen\Debug\matrices visual.exe
       FinalizeBuildStatus:
         Se eliminará el archivo "Debug\matrices visual.unsuccessfulbuild".
         Aplicando tarea Touch a "Debug\matrices visual.lastbuildstate".
     1>Compilación del proyecto terminada "C:\Users\Hp\OneDrive\Documents\UPSA\Estructura de datos\Ejercicio 1 Examen\matrices visual\matrices visual.vcxproj" (build destinos).

Compilación correcta.

Tiempo transcurrido 00:00:00.07
