Compilación iniciada a las 12/04/2019 10:16:19 a. m..
     1>Proyecto "C:\Users\Hp\OneDrive\Documents\UPSA\2019 SEMESTRE I\Estructura de datos\Apuntes\Aplicaciones_pilas\Aplicaciones_pilas\Aplicaciones_pilas.vcxproj" en el nodo 2 (build destinos).
     1>InitializeBuildStatus:
         Se creará "Debug\Aplicaciones_pilas.unsuccessfulbuild" porque se especificó "AlwaysCreate".
       GenerateTargetFrameworkMonikerAttribute:
       Se omitirá el destino "GenerateTargetFrameworkMonikerAttribute" porque todos los archivos de salida están actualizados respecto a los archivos de entrada.
       ClCompile:
         Todas las salidas están actualizadas.
         Todas las salidas están actualizadas.
         Todas las salidas están actualizadas.
       CoreResGen:
         No hay ningún recurso obsoleto con respecto a sus archivos de origen. Se omitirá la generación de recursos.
       ResourceCompile:
         Todas las salidas están actualizadas.
       Link:
         Todas las salidas están actualizadas.
         Aplicaciones_pilas.vcxproj -> C:\Users\Hp\OneDrive\Documents\UPSA\2019 SEMESTRE I\Estructura de datos\Apuntes\Aplicaciones_pilas\Debug\Aplicaciones_pilas.exe
       FinalizeBuildStatus:
         Se eliminará el archivo "Debug\Aplicaciones_pilas.unsuccessfulbuild".
         Aplicando tarea Touch a "Debug\Aplicaciones_pilas.lastbuildstate".
     1>Compilación del proyecto terminada "C:\Users\Hp\OneDrive\Documents\UPSA\2019 SEMESTRE I\Estructura de datos\Apuntes\Aplicaciones_pilas\Aplicaciones_pilas\Aplicaciones_pilas.vcxproj" (build destinos).

Compilación correcta.

Tiempo transcurrido 00:00:00.07
